This is pdfTeX, Version 3.14159265-2.6-1.40.18 (TeX Live 2017) (preloaded format=pdflatex 2017.5.23)  3 MAY 2018 19:48
entering extended mode
 restricted \write18 enabled.
 file:line:error style messages enabled.
 %&-line parsing enabled.
**Final_Report.tex
(./Final_Report.tex
LaTeX2e <2017-04-15>
Babel <3.10> and hyphenation patterns for 84 language(s) loaded.
(/usr/local/texlive/2017/texmf-dist/tex/latex/base/report.cls
Document Class: report 2014/09/29 v1.4h Standard LaTeX document class
(/usr/local/texlive/2017/texmf-dist/tex/latex/base/size12.clo
File: size12.clo 2014/09/29 v1.4h Standard LaTeX file (size option)
)
\c@part=\count79
\c@chapter=\count80
\c@section=\count81
\c@subsection=\count82
\c@subsubsection=\count83
\c@paragraph=\count84
\c@subparagraph=\count85
\c@figure=\count86
\c@table=\count87
\abovecaptionskip=\skip41
\belowcaptionskip=\skip42
\bibindent=\dimen102
)
(/usr/local/texlive/2017/texmf-dist/tex/latex/geometry/geometry.sty
Package: geometry 2010/09/12 v5.6 Page Geometry

(/usr/local/texlive/2017/texmf-dist/tex/latex/graphics/keyval.sty
Package: keyval 2014/10/28 v1.15 key=value parser (DPC)
\KV@toks@=\toks14
)
(/usr/local/texlive/2017/texmf-dist/tex/generic/oberdiek/ifpdf.sty
Package: ifpdf 2017/03/15 v3.2 Provides the ifpdf switch
)
(/usr/local/texlive/2017/texmf-dist/tex/generic/oberdiek/ifvtex.sty
Package: ifvtex 2016/05/16 v1.6 Detect VTeX and its facilities (HO)
Package ifvtex Info: VTeX not detected.
)
(/usr/local/texlive/2017/texmf-dist/tex/generic/ifxetex/ifxetex.sty
Package: ifxetex 2010/09/12 v0.6 Provides ifxetex conditional
)
\Gm@cnth=\count88
\Gm@cntv=\count89
\c@Gm@tempcnt=\count90
\Gm@bindingoffset=\dimen103
\Gm@wd@mp=\dimen104
\Gm@odd@mp=\dimen105
\Gm@even@mp=\dimen106
\Gm@layoutwidth=\dimen107
\Gm@layoutheight=\dimen108
\Gm@layouthoffset=\dimen109
\Gm@layoutvoffset=\dimen110
\Gm@dimlist=\toks15
)
(/usr/local/texlive/2017/texmf-dist/tex/latex/preprint/fullpage.sty
Package: fullpage 1999/02/23 1.1 (PWD)
\FP@margin=\skip43
)
(/usr/local/texlive/2017/texmf-dist/tex/latex/fancyhdr/fancyhdr.sty
Package: fancyhdr 2016/09/06 3.8 Extensive control of page headers and footers
\fancy@headwidth=\skip44
\f@ncyO@elh=\skip45
\f@ncyO@erh=\skip46
\f@ncyO@olh=\skip47
\f@ncyO@orh=\skip48
\f@ncyO@elf=\skip49
\f@ncyO@erf=\skip50
\f@ncyO@olf=\skip51
\f@ncyO@orf=\skip52
)
(/usr/local/texlive/2017/texmf-dist/tex/latex/lastpage/lastpage.sty
Package: lastpage 2015/03/29 v1.2m Refers to last page's name (HMM; JPG)
)
(/usr/local/texlive/2017/texmf-dist/tex/latex/graphics/graphicx.sty
Package: graphicx 2014/10/28 v1.0g Enhanced LaTeX Graphics (DPC,SPQR)

(/usr/local/texlive/2017/texmf-dist/tex/latex/graphics/graphics.sty
Package: graphics 2017/04/14 v1.1b Standard LaTeX Graphics (DPC,SPQR)

(/usr/local/texlive/2017/texmf-dist/tex/latex/graphics/trig.sty
Package: trig 2016/01/03 v1.10 sin cos tan (DPC)
)
(/usr/local/texlive/2017/texmf-dist/tex/latex/graphics-cfg/graphics.cfg
File: graphics.cfg 2016/06/04 v1.11 sample graphics configuration
)
Package graphics Info: Driver file: pdftex.def on input line 99.

(/usr/local/texlive/2017/texmf-dist/tex/latex/graphics-def/pdftex.def
File: pdftex.def 2017/01/12 v0.06k Graphics/color for pdfTeX

(/usr/local/texlive/2017/texmf-dist/tex/generic/oberdiek/infwarerr.sty
Package: infwarerr 2016/05/16 v1.4 Providing info/warning/error messages (HO)
)
(/usr/local/texlive/2017/texmf-dist/tex/generic/oberdiek/ltxcmds.sty
Package: ltxcmds 2016/05/16 v1.23 LaTeX kernel commands for general use (HO)
)
\Gread@gobject=\count91
))
\Gin@req@height=\dimen111
\Gin@req@width=\dimen112
)
(/usr/local/texlive/2017/texmf-dist/tex/latex/wrapfig/wrapfig.sty
\wrapoverhang=\dimen113
\WF@size=\dimen114
\c@WF@wrappedlines=\count92
\WF@box=\box26
\WF@everypar=\toks16
Package: wrapfig 2003/01/31  v 3.6
)
(/usr/local/texlive/2017/texmf-dist/tex/latex/caption/subcaption.sty
Package: subcaption 2016/05/22 v1.1-161 Sub-captions (AR)

(/usr/local/texlive/2017/texmf-dist/tex/latex/caption/caption.sty
Package: caption 2016/02/21 v3.3-144 Customizing captions (AR)

(/usr/local/texlive/2017/texmf-dist/tex/latex/caption/caption3.sty
Package: caption3 2016/05/22 v1.7-166 caption3 kernel (AR)
Package caption3 Info: TeX engine: e-TeX on input line 67.
\captionmargin=\dimen115
\captionmargin@=\dimen116
\captionwidth=\dimen117
\caption@tempdima=\dimen118
\caption@indent=\dimen119
\caption@parindent=\dimen120
\caption@hangindent=\dimen121
)
\c@ContinuedFloat=\count93
Package caption Info: wrapfig package is loaded.
)
\c@subfigure=\count94
\c@subtable=\count95
)
(/usr/local/texlive/2017/texmf-dist/tex/latex/setspace/setspace.sty
Package: setspace 2011/12/19 v6.7a set line spacing
)
(/usr/local/texlive/2017/texmf-dist/tex/latex/booktabs/booktabs.sty
Package: booktabs 2016/04/27 v1.618033 publication quality tables
\heavyrulewidth=\dimen122
\lightrulewidth=\dimen123
\cmidrulewidth=\dimen124
\belowrulesep=\dimen125
\belowbottomsep=\dimen126
\aboverulesep=\dimen127
\abovetopsep=\dimen128
\cmidrulesep=\dimen129
\cmidrulekern=\dimen130
\defaultaddspace=\dimen131
\@cmidla=\count96
\@cmidlb=\count97
\@aboverulesep=\dimen132
\@belowrulesep=\dimen133
\@thisruleclass=\count98
\@lastruleclass=\count99
\@thisrulewidth=\dimen134
)
(/usr/local/texlive/2017/texmf-dist/tex/latex/base/fontenc.sty
Package: fontenc 2017/04/05 v2.0i Standard LaTeX package

(/usr/local/texlive/2017/texmf-dist/tex/latex/base/t1enc.def
File: t1enc.def 2017/04/05 v2.0i Standard LaTeX file
LaTeX Font Info:    Redeclaring font encoding T1 on input line 48.
))
(/usr/local/texlive/2017/texmf-dist/tex/latex/fourier/fourier.sty
Package: fourier 2005/01/01 1.4 fourier-GUTenberg package

(/usr/local/texlive/2017/texmf-dist/tex/latex/base/fontenc.sty
Package: fontenc 2017/04/05 v2.0i Standard LaTeX package

(/usr/local/texlive/2017/texmf-dist/tex/latex/base/t1enc.def
File: t1enc.def 2017/04/05 v2.0i Standard LaTeX file
LaTeX Font Info:    Redeclaring font encoding T1 on input line 48.
))
(/usr/local/texlive/2017/texmf-dist/tex/latex/base/textcomp.sty
Package: textcomp 2017/04/05 v2.0i Standard LaTeX package
Package textcomp Info: Sub-encoding information:
(textcomp)               5 = only ISO-Adobe without \textcurrency
(textcomp)               4 = 5 + \texteuro
(textcomp)               3 = 4 + \textohm
(textcomp)               2 = 3 + \textestimated + \textcurrency
(textcomp)               1 = TS1 - \textcircled - \t
(textcomp)               0 = TS1 (full)
(textcomp)             Font families with sub-encoding setting implement
(textcomp)             only a restricted character set as indicated.
(textcomp)             Family '?' is the default used for unknown fonts.
(textcomp)             See the documentation for details.
Package textcomp Info: Setting ? sub-encoding to TS1/1 on input line 79.

(/usr/local/texlive/2017/texmf-dist/tex/latex/base/ts1enc.def
File: ts1enc.def 2001/06/05 v3.0e (jk/car/fm) Standard LaTeX file
)
LaTeX Info: Redefining \oldstylenums on input line 334.
Package textcomp Info: Setting cmr sub-encoding to TS1/0 on input line 349.
Package textcomp Info: Setting cmss sub-encoding to TS1/0 on input line 350.
Package textcomp Info: Setting cmtt sub-encoding to TS1/0 on input line 351.
Package textcomp Info: Setting cmvtt sub-encoding to TS1/0 on input line 352.
Package textcomp Info: Setting cmbr sub-encoding to TS1/0 on input line 353.
Package textcomp Info: Setting cmtl sub-encoding to TS1/0 on input line 354.
Package textcomp Info: Setting ccr sub-encoding to TS1/0 on input line 355.
Package textcomp Info: Setting ptm sub-encoding to TS1/4 on input line 356.
Package textcomp Info: Setting pcr sub-encoding to TS1/4 on input line 357.
Package textcomp Info: Setting phv sub-encoding to TS1/4 on input line 358.
Package textcomp Info: Setting ppl sub-encoding to TS1/3 on input line 359.
Package textcomp Info: Setting pag sub-encoding to TS1/4 on input line 360.
Package textcomp Info: Setting pbk sub-encoding to TS1/4 on input line 361.
Package textcomp Info: Setting pnc sub-encoding to TS1/4 on input line 362.
Package textcomp Info: Setting pzc sub-encoding to TS1/4 on input line 363.
Package textcomp Info: Setting bch sub-encoding to TS1/4 on input line 364.
Package textcomp Info: Setting put sub-encoding to TS1/5 on input line 365.
Package textcomp Info: Setting uag sub-encoding to TS1/5 on input line 366.
Package textcomp Info: Setting ugq sub-encoding to TS1/5 on input line 367.
Package textcomp Info: Setting ul8 sub-encoding to TS1/4 on input line 368.
Package textcomp Info: Setting ul9 sub-encoding to TS1/4 on input line 369.
Package textcomp Info: Setting augie sub-encoding to TS1/5 on input line 370.
Package textcomp Info: Setting dayrom sub-encoding to TS1/3 on input line 371.
Package textcomp Info: Setting dayroms sub-encoding to TS1/3 on input line 372.

Package textcomp Info: Setting pxr sub-encoding to TS1/0 on input line 373.
Package textcomp Info: Setting pxss sub-encoding to TS1/0 on input line 374.
Package textcomp Info: Setting pxtt sub-encoding to TS1/0 on input line 375.
Package textcomp Info: Setting txr sub-encoding to TS1/0 on input line 376.
Package textcomp Info: Setting txss sub-encoding to TS1/0 on input line 377.
Package textcomp Info: Setting txtt sub-encoding to TS1/0 on input line 378.
Package textcomp Info: Setting lmr sub-encoding to TS1/0 on input line 379.
Package textcomp Info: Setting lmdh sub-encoding to TS1/0 on input line 380.
Package textcomp Info: Setting lmss sub-encoding to TS1/0 on input line 381.
Package textcomp Info: Setting lmssq sub-encoding to TS1/0 on input line 382.
Package textcomp Info: Setting lmvtt sub-encoding to TS1/0 on input line 383.
Package textcomp Info: Setting lmtt sub-encoding to TS1/0 on input line 384.
Package textcomp Info: Setting qhv sub-encoding to TS1/0 on input line 385.
Package textcomp Info: Setting qag sub-encoding to TS1/0 on input line 386.
Package textcomp Info: Setting qbk sub-encoding to TS1/0 on input line 387.
Package textcomp Info: Setting qcr sub-encoding to TS1/0 on input line 388.
Package textcomp Info: Setting qcs sub-encoding to TS1/0 on input line 389.
Package textcomp Info: Setting qpl sub-encoding to TS1/0 on input line 390.
Package textcomp Info: Setting qtm sub-encoding to TS1/0 on input line 391.
Package textcomp Info: Setting qzc sub-encoding to TS1/0 on input line 392.
Package textcomp Info: Setting qhvc sub-encoding to TS1/0 on input line 393.
Package textcomp Info: Setting futs sub-encoding to TS1/4 on input line 394.
Package textcomp Info: Setting futx sub-encoding to TS1/4 on input line 395.
Package textcomp Info: Setting futj sub-encoding to TS1/4 on input line 396.
Package textcomp Info: Setting hlh sub-encoding to TS1/3 on input line 397.
Package textcomp Info: Setting hls sub-encoding to TS1/3 on input line 398.
Package textcomp Info: Setting hlst sub-encoding to TS1/3 on input line 399.
Package textcomp Info: Setting hlct sub-encoding to TS1/5 on input line 400.
Package textcomp Info: Setting hlx sub-encoding to TS1/5 on input line 401.
Package textcomp Info: Setting hlce sub-encoding to TS1/5 on input line 402.
Package textcomp Info: Setting hlcn sub-encoding to TS1/5 on input line 403.
Package textcomp Info: Setting hlcw sub-encoding to TS1/5 on input line 404.
Package textcomp Info: Setting hlcf sub-encoding to TS1/5 on input line 405.
Package textcomp Info: Setting pplx sub-encoding to TS1/3 on input line 406.
Package textcomp Info: Setting pplj sub-encoding to TS1/3 on input line 407.
Package textcomp Info: Setting ptmx sub-encoding to TS1/4 on input line 408.
Package textcomp Info: Setting ptmj sub-encoding to TS1/4 on input line 409.
)
(/usr/local/texlive/2017/texmf-dist/tex/latex/fourier/fourier-orns.sty
Package: fourier-orns 2004/01/30 1.1 fourier-ornaments package
)
LaTeX Font Info:    Redeclaring symbol font `operators' on input line 50.
LaTeX Font Info:    Encoding `OT1' has changed to `T1' for symbol font
(Font)              `operators' in the math version `normal' on input line 50.
LaTeX Font Info:    Overwriting symbol font `operators' in version `normal'
(Font)                  OT1/cmr/m/n --> T1/futs/m/n on input line 50.
LaTeX Font Info:    Encoding `OT1' has changed to `T1' for symbol font
(Font)              `operators' in the math version `bold' on input line 50.
LaTeX Font Info:    Overwriting symbol font `operators' in version `bold'
(Font)                  OT1/cmr/bx/n --> T1/futs/m/n on input line 50.
LaTeX Font Info:    Overwriting symbol font `operators' in version `bold'
(Font)                  T1/futs/m/n --> T1/futs/b/n on input line 51.
LaTeX Font Info:    Redeclaring symbol font `letters' on input line 59.
LaTeX Font Info:    Encoding `OML' has changed to `FML' for symbol font
(Font)              `letters' in the math version `normal' on input line 59.
LaTeX Font Info:    Overwriting symbol font `letters' in version `normal'
(Font)                  OML/cmm/m/it --> FML/futmi/m/it on input line 59.
LaTeX Font Info:    Encoding `OML' has changed to `FML' for symbol font
(Font)              `letters' in the math version `bold' on input line 59.
LaTeX Font Info:    Overwriting symbol font `letters' in version `bold'
(Font)                  OML/cmm/b/it --> FML/futmi/m/it on input line 59.
\symotherletters=\mathgroup4
LaTeX Font Info:    Overwriting symbol font `letters' in version `bold'
(Font)                  FML/futmi/m/it --> FML/futmi/b/it on input line 61.
LaTeX Font Info:    Overwriting symbol font `otherletters' in version `bold'
(Font)                  FML/futm/m/it --> FML/futm/b/it on input line 62.
LaTeX Font Info:    Redeclaring math symbol \Gamma on input line 63.
LaTeX Font Info:    Redeclaring math symbol \Delta on input line 64.
LaTeX Font Info:    Redeclaring math symbol \Theta on input line 65.
LaTeX Font Info:    Redeclaring math symbol \Lambda on input line 66.
LaTeX Font Info:    Redeclaring math symbol \Xi on input line 67.
LaTeX Font Info:    Redeclaring math symbol \Pi on input line 68.
LaTeX Font Info:    Redeclaring math symbol \Sigma on input line 69.
LaTeX Font Info:    Redeclaring math symbol \Upsilon on input line 70.
LaTeX Font Info:    Redeclaring math symbol \Phi on input line 71.
LaTeX Font Info:    Redeclaring math symbol \Psi on input line 72.
LaTeX Font Info:    Redeclaring math symbol \Omega on input line 73.
LaTeX Font Info:    Redeclaring symbol font `symbols' on input line 113.
LaTeX Font Info:    Encoding `OMS' has changed to `FMS' for symbol font
(Font)              `symbols' in the math version `normal' on input line 113.
LaTeX Font Info:    Overwriting symbol font `symbols' in version `normal'
(Font)                  OMS/cmsy/m/n --> FMS/futm/m/n on input line 113.
LaTeX Font Info:    Encoding `OMS' has changed to `FMS' for symbol font
(Font)              `symbols' in the math version `bold' on input line 113.
LaTeX Font Info:    Overwriting symbol font `symbols' in version `bold'
(Font)                  OMS/cmsy/b/n --> FMS/futm/m/n on input line 113.
LaTeX Font Info:    Redeclaring symbol font `largesymbols' on input line 114.
LaTeX Font Info:    Encoding `OMX' has changed to `FMX' for symbol font
(Font)              `largesymbols' in the math version `normal' on input line 1
14.
LaTeX Font Info:    Overwriting symbol font `largesymbols' in version `normal'
(Font)                  OMX/cmex/m/n --> FMX/futm/m/n on input line 114.
LaTeX Font Info:    Encoding `OMX' has changed to `FMX' for symbol font
(Font)              `largesymbols' in the math version `bold' on input line 114
.
LaTeX Font Info:    Overwriting symbol font `largesymbols' in version `bold'
(Font)                  OMX/cmex/m/n --> FMX/futm/m/n on input line 114.
LaTeX Font Info:    Redeclaring math alphabet \mathbf on input line 115.
LaTeX Font Info:    Overwriting math alphabet `\mathbf' in version `normal'
(Font)                  OT1/cmr/bx/n --> T1/futs/bx/n on input line 115.
LaTeX Font Info:    Overwriting math alphabet `\mathbf' in version `bold'
(Font)                  OT1/cmr/bx/n --> T1/futs/bx/n on input line 115.
LaTeX Font Info:    Redeclaring math alphabet \mathrm on input line 116.
LaTeX Font Info:    Redeclaring math alphabet \mathit on input line 117.
LaTeX Font Info:    Overwriting math alphabet `\mathit' in version `normal'
(Font)                  OT1/cmr/m/it --> T1/futs/m/it on input line 117.
LaTeX Font Info:    Overwriting math alphabet `\mathit' in version `bold'
(Font)                  OT1/cmr/bx/it --> T1/futs/m/it on input line 117.
LaTeX Font Info:    Redeclaring math alphabet \mathcal on input line 118.
LaTeX Font Info:    Redeclaring math symbol \parallel on input line 134.
LaTeX Font Info:    Redeclaring math symbol \hbar on input line 148.
LaTeX Font Info:    Redeclaring math symbol \varkappa on input line 186.
LaTeX Font Info:    Redeclaring math symbol \varvarrho on input line 187.
LaTeX Font Info:    Redeclaring math delimiter \Vert on input line 210.
LaTeX Font Info:    Redeclaring math delimiter \vert on input line 215.
LaTeX Font Info:    Redeclaring math delimiter \Downarrow on input line 225.
LaTeX Font Info:    Redeclaring math delimiter \backslash on input line 227.
LaTeX Font Info:    Redeclaring math delimiter \rangle on input line 229.
LaTeX Font Info:    Redeclaring math delimiter \langle on input line 231.
LaTeX Font Info:    Redeclaring math delimiter \rbrace on input line 233.
LaTeX Font Info:    Redeclaring math delimiter \lbrace on input line 235.
LaTeX Font Info:    Redeclaring math delimiter \rceil on input line 237.
LaTeX Font Info:    Redeclaring math delimiter \lceil on input line 239.
LaTeX Font Info:    Redeclaring math delimiter \rfloor on input line 241.
LaTeX Font Info:    Redeclaring math delimiter \lfloor on input line 243.
LaTeX Font Info:    Redeclaring math accent \acute on input line 247.
LaTeX Font Info:    Redeclaring math accent \grave on input line 248.
LaTeX Font Info:    Redeclaring math accent \ddot on input line 249.
LaTeX Font Info:    Redeclaring math accent \tilde on input line 250.
LaTeX Font Info:    Redeclaring math accent \bar on input line 251.
LaTeX Font Info:    Redeclaring math accent \breve on input line 252.
LaTeX Font Info:    Redeclaring math accent \check on input line 253.
LaTeX Font Info:    Redeclaring math accent \hat on input line 254.
LaTeX Font Info:    Redeclaring math accent \dot on input line 255.
LaTeX Font Info:    Redeclaring math accent \mathring on input line 256.
\symUfutm=\mathgroup5
)
(/usr/local/texlive/2017/texmf-dist/tex/latex/microtype/microtype.sty
Package: microtype 2016/05/14 v2.6a Micro-typographical refinements (RS)
\MT@toks=\toks17
\MT@count=\count100
LaTeX Info: Redefining \textls on input line 774.
\MT@outer@kern=\dimen135
LaTeX Info: Redefining \textmicrotypecontext on input line 1310.
\MT@listname@count=\count101

(/usr/local/texlive/2017/texmf-dist/tex/latex/microtype/microtype-pdftex.def
File: microtype-pdftex.def 2016/05/14 v2.6a Definitions specific to pdftex (RS)

LaTeX Info: Redefining \lsstyle on input line 916.
LaTeX Info: Redefining \lslig on input line 916.
\MT@outer@space=\skip53
)
Package microtype Info: Loading configuration file microtype.cfg.

(/usr/local/texlive/2017/texmf-dist/tex/latex/microtype/microtype.cfg
File: microtype.cfg 2016/05/14 v2.6a microtype main configuration file (RS)
))
(/usr/local/texlive/2017/texmf-dist/tex/generic/babel/babel.sty
Package: babel 2017/05/19 3.10 The Babel package

(/usr/local/texlive/2017/texmf-dist/tex/generic/babel-english/english.ldf
Language: english 2017/01/24 v3.3q English support from the babel system

(/usr/local/texlive/2017/texmf-dist/tex/generic/babel/babel.def
File: babel.def 2017/05/19 3.10 Babel common definitions
\babel@savecnt=\count102
\U@D=\dimen136
)
\l@canadian = a dialect from \language\l@american 
\l@australian = a dialect from \language\l@british 
\l@newzealand = a dialect from \language\l@british 
))
(/usr/local/texlive/2017/texmf-dist/tex/latex/sectsty/sectsty.sty
Package: sectsty 2002/02/25 v2.0.2 Commands to change all sectional heading sty
les
)
(/usr/local/texlive/2017/texmf-dist/tex/latex/placeins/placeins.sty
Package: placeins 2005/04/18  v 2.2
)
(/usr/local/texlive/2017/texmf-dist/tex/latex/tools/verbatim.sty
Package: verbatim 2014/10/28 v1.5q LaTeX2e package for verbatim enhancements
\every@verbatim=\toks18
\verbatim@line=\toks19
\verbatim@in@stream=\read1
)

LaTeX Warning: Unused global option(s):
    [epsf].

(./Final_Report.aux)
\openout1 = `Final_Report.aux'.

LaTeX Font Info:    Checking defaults for OML/cmm/m/it on input line 34.
LaTeX Font Info:    ... okay on input line 34.
LaTeX Font Info:    Checking defaults for T1/cmr/m/n on input line 34.
LaTeX Font Info:    ... okay on input line 34.
LaTeX Font Info:    Checking defaults for OT1/cmr/m/n on input line 34.
LaTeX Font Info:    ... okay on input line 34.
LaTeX Font Info:    Checking defaults for OMS/cmsy/m/n on input line 34.
LaTeX Font Info:    ... okay on input line 34.
LaTeX Font Info:    Checking defaults for OMX/cmex/m/n on input line 34.
LaTeX Font Info:    ... okay on input line 34.
LaTeX Font Info:    Checking defaults for U/cmr/m/n on input line 34.
LaTeX Font Info:    ... okay on input line 34.
LaTeX Font Info:    Checking defaults for FML/futm/m/it on input line 34.
LaTeX Font Info:    Try loading font information for FML+futm on input line 34.


(/usr/local/texlive/2017/texmf-dist/tex/latex/fourier/fmlfutm.fd
File: fmlfutm.fd 2004/10/30 Fontinst v1.926 font definitions for FML/futm.
)
LaTeX Font Info:    ... okay on input line 34.
LaTeX Font Info:    Checking defaults for FMS/futm/m/n on input line 34.
LaTeX Font Info:    Try loading font information for FMS+futm on input line 34.


(/usr/local/texlive/2017/texmf-dist/tex/latex/fourier/fmsfutm.fd
File: fmsfutm.fd 2004/10/30 Fontinst v1.926 font definitions for FMS/futm.
)
LaTeX Font Info:    ... okay on input line 34.
LaTeX Font Info:    Checking defaults for FMX/futm/m/n on input line 34.
LaTeX Font Info:    Try loading font information for FMX+futm on input line 34.


(/usr/local/texlive/2017/texmf-dist/tex/latex/fourier/fmxfutm.fd
File: fmxfutm.fd futm-extension
)
LaTeX Font Info:    ... okay on input line 34.
LaTeX Font Info:    Checking defaults for TS1/cmr/m/n on input line 34.
LaTeX Font Info:    Try loading font information for TS1+cmr on input line 34.

(/usr/local/texlive/2017/texmf-dist/tex/latex/base/ts1cmr.fd
File: ts1cmr.fd 2014/09/29 v2.5h Standard LaTeX font definitions
)
LaTeX Font Info:    ... okay on input line 34.
LaTeX Font Info:    Try loading font information for T1+futs on input line 34.

(/usr/local/texlive/2017/texmf-dist/tex/latex/fourier/t1futs.fd
File: t1futs.fd 2004/03/02 Fontinst v1.926 font definitions for T1/futs.
)
*geometry* driver: auto-detecting
*geometry* detected driver: pdftex
*geometry* verbose mode - [ preamble ] result:
* driver: pdftex
* paper: <default>
* layout: <same size as paper>
* layoutoffset:(h,v)=(0.0pt,0.0pt)
* modes: 
* h-part:(L,W,R)=(56.9055pt, 500.484pt, 56.9055pt)
* v-part:(T,H,B)=(56.9055pt, 681.15898pt, 56.9055pt)
* \paperwidth=614.295pt
* \paperheight=794.96999pt
* \textwidth=469.75502pt
* \textheight=583.43001pt
* \oddsidemargin=0.0pt
* \evensidemargin=0.0pt
* \topmargin=0.0pt
* \headheight=15.0pt
* \headsep=25.0pt
* \topskip=12.0pt
* \footskip=30.0pt
* \marginparwidth=44.0pt
* \marginparsep=10.0pt
* \columnsep=10.0pt
* \skip\footins=10.8pt plus 4.0pt minus 2.0pt
* \hoffset=0.0pt
* \voffset=0.0pt
* \mag=1000
* \@twocolumnfalse
* \@twosidefalse
* \@mparswitchfalse
* \@reversemarginfalse
* (1in=72.27pt=25.4mm, 1cm=28.453pt)

Package lastpage Info: Please have a look at the pageslts package at
(lastpage)             https://www.ctan.org/pkg/pageslts
(lastpage)             ! on input line 34.
(/usr/local/texlive/2017/texmf-dist/tex/context/base/mkii/supp-pdf.mkii
[Loading MPS to PDF converter (version 2006.09.02).]
\scratchcounter=\count103
\scratchdimen=\dimen137
\scratchbox=\box27
\nofMPsegments=\count104
\nofMParguments=\count105
\everyMPshowfont=\toks20
\MPscratchCnt=\count106
\MPscratchDim=\dimen138
\MPnumerator=\count107
\makeMPintoPDFobject=\count108
\everyMPtoPDFconversion=\toks21
) (/usr/local/texlive/2017/texmf-dist/tex/generic/oberdiek/pdftexcmds.sty
Package: pdftexcmds 2017/03/19 v0.25 Utility functions of pdfTeX for LuaTeX (HO
)

(/usr/local/texlive/2017/texmf-dist/tex/generic/oberdiek/ifluatex.sty
Package: ifluatex 2016/05/16 v1.4 Provides the ifluatex switch (HO)
Package ifluatex Info: LuaTeX not detected.
)
Package pdftexcmds Info: LuaTeX not detected.
Package pdftexcmds Info: \pdf@primitive is available.
Package pdftexcmds Info: \pdf@ifprimitive is available.
Package pdftexcmds Info: \pdfdraftmode found.
)
(/usr/local/texlive/2017/texmf-dist/tex/latex/oberdiek/epstopdf-base.sty
Package: epstopdf-base 2016/05/15 v2.6 Base part for package epstopdf

(/usr/local/texlive/2017/texmf-dist/tex/latex/oberdiek/grfext.sty
Package: grfext 2016/05/16 v1.2 Manage graphics extensions (HO)

(/usr/local/texlive/2017/texmf-dist/tex/generic/oberdiek/kvdefinekeys.sty
Package: kvdefinekeys 2016/05/16 v1.4 Define keys (HO)
))
(/usr/local/texlive/2017/texmf-dist/tex/latex/oberdiek/kvoptions.sty
Package: kvoptions 2016/05/16 v3.12 Key value format for package options (HO)

(/usr/local/texlive/2017/texmf-dist/tex/generic/oberdiek/kvsetkeys.sty
Package: kvsetkeys 2016/05/16 v1.17 Key value parser (HO)

(/usr/local/texlive/2017/texmf-dist/tex/generic/oberdiek/etexcmds.sty
Package: etexcmds 2016/05/16 v1.6 Avoid name clashes with e-TeX commands (HO)
Package etexcmds Info: Could not find \expanded.
(etexcmds)             That can mean that you are not using pdfTeX 1.50 or
(etexcmds)             that some package has redefined \expanded.
(etexcmds)             In the latter case, load this package earlier.
)))
Package epstopdf-base Info: Redefining graphics rule for `.eps' on input line 4
38.
Package grfext Info: Graphics extension search list:
(grfext)             [.png,.pdf,.jpg,.mps,.jpeg,.jbig2,.jb2,.PNG,.PDF,.JPG,.JPE
G,.JBIG2,.JB2,.eps]
(grfext)             \AppendGraphicsExtensions on input line 456.

(/usr/local/texlive/2017/texmf-dist/tex/latex/latexconfig/epstopdf-sys.cfg
File: epstopdf-sys.cfg 2010/07/13 v1.3 Configuration of (r)epstopdf for TeX Liv
e
))
Package caption Info: Begin \AtBeginDocument code.
Package caption Info: End \AtBeginDocument code.
LaTeX Info: Redefining \microtypecontext on input line 34.
Package microtype Info: Generating PDF output.
Package microtype Info: Character protrusion enabled (level 2).
Package microtype Info: Using default protrusion set `alltext'.
Package microtype Info: Automatic font expansion enabled (level 2),
(microtype)             stretch: 20, shrink: 20, step: 1, non-selected.
Package microtype Info: Using default expansion set `basictext'.
Package microtype Info: No adjustment of tracking.
Package microtype Info: No adjustment of interword spacing.
Package microtype Info: No adjustment of character kerning.
Package microtype Info: Loading generic settings for font family
(microtype)             `futs' (encoding: T1).
(microtype)             For optimal results, create family-specific settings.
(microtype)             See the microtype manual for details.
LaTeX Font Info:    Font shape `T1/futs/bx/n' in size <20.74> not available
(Font)              Font shape `T1/futs/b/n' tried instead on input line 50.
LaTeX Font Info:    Try loading font information for FML+futmi on input line 50
.

(/usr/local/texlive/2017/texmf-dist/tex/latex/fourier/fmlfutmi.fd
File: fmlfutmi.fd 2004/10/30 Fontinst v1.926 font definitions for FML/futmi.
)
LaTeX Font Info:    Font shape `FMX/futm/m/n' will be
(Font)              scaled to size 13.24796pt on input line 50.
LaTeX Font Info:    Font shape `FMX/futm/m/n' will be
(Font)              scaled to size 9.19998pt on input line 50.
LaTeX Font Info:    Font shape `FMX/futm/m/n' will be
(Font)              scaled to size 7.35999pt on input line 50.
LaTeX Font Info:    Font shape `U/futm/m/n' will be
(Font)              scaled to size 13.24796pt on input line 50.
LaTeX Font Info:    Font shape `U/futm/m/n' will be
(Font)              scaled to size 9.19998pt on input line 50.
LaTeX Font Info:    Font shape `U/futm/m/n' will be
(Font)              scaled to size 7.35999pt on input line 50.
 [1

{/usr/local/texlive/2017/texmf-var/fonts/map/pdftex/updmap/pdftex.map}]
LaTeX Font Info:    Font shape `T1/futs/bx/n' in size <24.88> not available
(Font)              Font shape `T1/futs/b/n' tried instead on input line 51.

(./Final_Report.toc
LaTeX Font Info:    Font shape `FMX/futm/m/n' will be
(Font)              scaled to size 11.03998pt on input line 2.
LaTeX Font Info:    Font shape `FMX/futm/m/n' will be
(Font)              scaled to size 8.27998pt on input line 2.
LaTeX Font Info:    Font shape `FMX/futm/m/n' will be
(Font)              scaled to size 6.43999pt on input line 2.
LaTeX Font Info:    Font shape `U/futm/m/n' will be
(Font)              scaled to size 11.03998pt on input line 2.
LaTeX Font Info:    Font shape `U/futm/m/n' will be
(Font)              scaled to size 8.27998pt on input line 2.
LaTeX Font Info:    Font shape `U/futm/m/n' will be
(Font)              scaled to size 6.43999pt on input line 2.
)
\tf@toc=\write3
\openout3 = `Final_Report.toc'.

 [1

]
LaTeX Font Info:    Font shape `T1/futs/bx/n' in size <17.28> not available
(Font)              Font shape `T1/futs/b/n' tried instead on input line 53.
LaTeX Font Info:    Font shape `T1/futs/bx/n' in size <14.4> not available
(Font)              Font shape `T1/futs/b/n' tried instead on input line 54.

Underfull \hbox (badness 10000) in paragraph at lines 55--60

 []


Underfull \hbox (badness 10000) in paragraph at lines 61--63

 []

[2]
LaTeX Font Info:    Font shape `T1/futs/bx/sc' in size <17.28> not available
(Font)              Font shape `T1/futs/b/sc' tried instead on input line 75.

Underfull \hbox (badness 10000) in paragraph at lines 77--85

 []


Underfull \hbox (badness 10000) in paragraph at lines 77--85

 []


Underfull \hbox (badness 10000) in paragraph at lines 77--85

 []


Underfull \hbox (badness 10000) in paragraph at lines 87--88

 []

[3]
LaTeX Font Info:    Font shape `T1/futs/bx/n' in size <12> not available
(Font)              Font shape `T1/futs/b/n' tried instead on input line 91.

Underfull \hbox (badness 10000) in paragraph at lines 90--110

 []


Underfull \hbox (badness 10000) in paragraph at lines 90--110

 []


Underfull \hbox (badness 10000) in paragraph at lines 90--110

 []

[4] <plot/New_data.pdf, id=20, 705.04622pt x 142.0517pt>
File: plot/New_data.pdf Graphic file (type pdf)

<use plot/New_data.pdf>
Package pdftex.def Info: plot/New_data.pdf used on input line 127.
(pdftex.def)             Requested size: 516.73338pt x 104.1152pt.

Overfull \hbox (46.97836pt too wide) in paragraph at lines 127--128
[][] 
 []

LaTeX Font Info:    Font shape `T1/futs/bx/n' in size <10.95> not available
(Font)              Font shape `T1/futs/b/n' tried instead on input line 128.

Underfull \hbox (badness 10000) in paragraph at lines 112--130

 []


Overfull \hbox (15.0059pt too wide) in paragraph at lines 112--130
\T1/futs/m/n/12 (-20) 6.We now nor-mal-ize the Mean_Perspiration val-ues, by ta
k-ing the ab-so-lute min-i-mum value(excluding
 []


Underfull \hbox (badness 10000) in paragraph at lines 112--130

 []

[5 <./plot/New_data.pdf, page is rotated 90 degrees>]
<plot/Correlation_Data.pdf, id=33, 537.7359pt x 495.95187pt>
File: plot/Correlation_Data.pdf Graphic file (type pdf)

<use plot/Correlation_Data.pdf>
Package pdftex.def Info: plot/Correlation_Data.pdf used on input line 141.
(pdftex.def)             Requested size: 422.77664pt x 389.93605pt.
 [6]
<plot/SubjectVsPP.pdf, id=38, 396.48125pt x 264.99pt>
File: plot/SubjectVsPP.pdf Graphic file (type pdf)

<use plot/SubjectVsPP.pdf>
Package pdftex.def Info: plot/SubjectVsPP.pdf used on input line 149.
(pdftex.def)             Requested size: 281.85587pt x 188.38277pt.
 [7 <./plot/Correlation_Data.pdf>]
<plot/1_gender.pdf, id=51, 505.89pt x 505.89pt>
File: plot/1_gender.pdf Graphic file (type pdf)
 <use plot/1_gender.pdf>
Package pdftex.def Info: plot/1_gender.pdf used on input line 163.
(pdftex.def)             Requested size: 234.8775pt x 234.88132pt.

<plot/1_age.pdf, id=52, 505.89pt x 505.89pt>
File: plot/1_age.pdf Graphic file (type pdf)
 <use plot/1_age.pdf>
Package pdftex.def Info: plot/1_age.pdf used on input line 168.
(pdftex.def)             Requested size: 234.8775pt x 234.88132pt.

Overfull \hbox (1.88399pt too wide) in paragraph at lines 162--171
[]$[]$  $[]$ 
 []

[8 <./plot/SubjectVsPP.pdf>] <plot/tai_plot.pdf, id=61, 505.89pt x 505.89pt>
File: plot/tai_plot.pdf Graphic file (type pdf)

<use plot/tai_plot.pdf>
Package pdftex.def Info: plot/tai_plot.pdf used on input line 178.
(pdftex.def)             Requested size: 234.8775pt x 234.88132pt.
 [9 <./plot/1_gender.pdf> <./plot/1_age.pdf>]
<plot/subject01_State_Psychometric_Data_of_Cutting_and_Suturing.pdf, id=75, 505
.89pt x 505.89pt>
File: plot/subject01_State_Psychometric_Data_of_Cutting_and_Suturing.pdf Graphi
c file (type pdf)

<use plot/subject01_State_Psychometric_Data_of_Cutting_and_Suturing.pdf>
Package pdftex.def Info: plot/subject01_State_Psychometric_Data_of_Cutting_and_
Suturing.pdf used on input line 188.
(pdftex.def)             Requested size: 234.8775pt x 234.88132pt.

<plot/subject02_State_Psychometric_Data_of_Cutting_and_Suturing.pdf, id=76, 505
.89pt x 505.89pt>
File: plot/subject02_State_Psychometric_Data_of_Cutting_and_Suturing.pdf Graphi
c file (type pdf)

<use plot/subject02_State_Psychometric_Data_of_Cutting_and_Suturing.pdf>
Package pdftex.def Info: plot/subject02_State_Psychometric_Data_of_Cutting_and_
Suturing.pdf used on input line 193.
(pdftex.def)             Requested size: 234.8775pt x 234.88132pt.

Overfull \hbox (1.88399pt too wide) in paragraph at lines 187--196
[]$[]$  $[]$ 
 []

[10 <./plot/tai_plot.pdf>]
<plot/01_Perinasal_Perspiration.pdf, id=85, 505.89pt x 505.89pt>
File: plot/01_Perinasal_Perspiration.pdf Graphic file (type pdf)

<use plot/01_Perinasal_Perspiration.pdf>
Package pdftex.def Info: plot/01_Perinasal_Perspiration.pdf used on input line 
203.
(pdftex.def)             Requested size: 234.8775pt x 234.88132pt.

<plot/02_Perinasal_Perspiration.pdf, id=86, 505.89pt x 505.89pt>
File: plot/02_Perinasal_Perspiration.pdf Graphic file (type pdf)

<use plot/02_Perinasal_Perspiration.pdf>
Package pdftex.def Info: plot/02_Perinasal_Perspiration.pdf used on input line 
208.
(pdftex.def)             Requested size: 234.8775pt x 234.88132pt.

Overfull \hbox (1.88399pt too wide) in paragraph at lines 202--211
[]$[]$  $[]$ 
 []

[11 <./plot/subject01_State_Psychometric_Data_of_Cutting_and_Suturing.pdf> <./p
lot/subject02_State_Psychometric_Data_of_Cutting_and_Suturing.pdf>]
<plot/1_Score_barplot.pdf, id=100, 505.89pt x 505.89pt>
File: plot/1_Score_barplot.pdf Graphic file (type pdf)

<use plot/1_Score_barplot.pdf>
Package pdftex.def Info: plot/1_Score_barplot.pdf used on input line 218.
(pdftex.def)             Requested size: 234.8775pt x 234.88132pt.

<plot/1_Time_barplot.pdf, id=101, 505.89pt x 505.89pt>
File: plot/1_Time_barplot.pdf Graphic file (type pdf)

<use plot/1_Time_barplot.pdf>
Package pdftex.def Info: plot/1_Time_barplot.pdf used on input line 225.
(pdftex.def)             Requested size: 234.8775pt x 234.88132pt.

Underfull \hbox (badness 10000) in paragraph at lines 215--229

 []

[12 <./plot/01_Perinasal_Perspiration.pdf> <./plot/02_Perinasal_Perspiration.pd
f>]
Overfull \vbox (17.6655pt too high) has occurred while \output is active []


[13 <./plot/1_Score_barplot.pdf> <./plot/1_Time_barplot.pdf>]

pdfTeX warning: /Library/TeX/texbin/pdflatex (file ./plot/ScoreSummary.pdf): PD
F inclusion: found PDF version <1.6>, but at most version <1.5> allowed
<plot/ScoreSummary.pdf, id=129, 550.56845pt x 484.86746pt>
File: plot/ScoreSummary.pdf Graphic file (type pdf)

<use plot/ScoreSummary.pdf>
Package pdftex.def Info: plot/ScoreSummary.pdf used on input line 243.
(pdftex.def)             Requested size: 375.80544pt x 330.95584pt.

<plot/ScorerVsScore.pdf, id=130, 396.48125pt x 264.99pt>
File: plot/ScorerVsScore.pdf Graphic file (type pdf)

<use plot/ScorerVsScore.pdf>
Package pdftex.def Info: plot/ScorerVsScore.pdf used on input line 251.
(pdftex.def)             Requested size: 234.8775pt x 156.98564pt.

<plot/GenderVsScore.pdf, id=131, 396.48125pt x 264.99pt>
File: plot/GenderVsScore.pdf Graphic file (type pdf)

<use plot/GenderVsScore.pdf>
Package pdftex.def Info: plot/GenderVsScore.pdf used on input line 256.
(pdftex.def)             Requested size: 234.8775pt x 156.98564pt.

Overfull \hbox (1.88399pt too wide) in paragraph at lines 250--259
[]$[]$  $[]$ 
 []

<plot/TaskVsScore.pdf, id=132, 396.48125pt x 264.99pt>
File: plot/TaskVsScore.pdf Graphic file (type pdf)

<use plot/TaskVsScore.pdf>
Package pdftex.def Info: plot/TaskVsScore.pdf used on input line 262.
(pdftex.def)             Requested size: 234.8775pt x 156.98564pt.

<plot/SessionVsScore.pdf, id=133, 396.48125pt x 264.99pt>
File: plot/SessionVsScore.pdf Graphic file (type pdf)

<use plot/SessionVsScore.pdf>
Package pdftex.def Info: plot/SessionVsScore.pdf used on input line 267.
(pdftex.def)             Requested size: 234.8775pt x 156.98564pt.

Overfull \hbox (1.88399pt too wide) in paragraph at lines 261--270
[]$[]$  $[]$ 
 []


Underfull \hbox (badness 10000) in paragraph at lines 234--276

 []


Underfull \hbox (badness 10000) in paragraph at lines 234--276

 []


Underfull \hbox (badness 10000) in paragraph at lines 234--276

 []


Underfull \hbox (badness 10000) in paragraph at lines 234--276

 []


Underfull \hbox (badness 10000) in paragraph at lines 234--276

 []


Underfull \hbox (badness 10000) in paragraph at lines 234--276

 []

[14]

LaTeX Warning: Text page 15 contains only floats.

[15 <./plot/ScoreSummary.pdf> <./plot/ScorerVsScore.pdf> <./plot/GenderVsScore.
pdf>] <plot/TimeSummary.pdf, id=174, 592.6169pt x 487.49626pt>
File: plot/TimeSummary.pdf Graphic file (type pdf)

<use plot/TimeSummary.pdf>
Package pdftex.def Info: plot/TimeSummary.pdf used on input line 288.
(pdftex.def)             Requested size: 375.80544pt x 309.14757pt.

<plot/ScorerVsTime.pdf, id=175, 396.48125pt x 264.99pt>
File: plot/ScorerVsTime.pdf Graphic file (type pdf)

<use plot/ScorerVsTime.pdf>
Package pdftex.def Info: plot/ScorerVsTime.pdf used on input line 296.
(pdftex.def)             Requested size: 234.8775pt x 156.98564pt.

<plot/GenderVsTime.pdf, id=176, 396.48125pt x 264.99pt>
File: plot/GenderVsTime.pdf Graphic file (type pdf)

<use plot/GenderVsTime.pdf>
Package pdftex.def Info: plot/GenderVsTime.pdf used on input line 301.
(pdftex.def)             Requested size: 234.8775pt x 156.98564pt.

Overfull \hbox (1.88399pt too wide) in paragraph at lines 295--304
[]$[]$  $[]$ 
 []

<plot/TaskVsTime.pdf, id=177, 396.48125pt x 264.99pt>
File: plot/TaskVsTime.pdf Graphic file (type pdf)

<use plot/TaskVsTime.pdf>
Package pdftex.def Info: plot/TaskVsTime.pdf used on input line 307.
(pdftex.def)             Requested size: 234.8775pt x 156.98564pt.

<plot/SessionVsTime.pdf, id=178, 396.48125pt x 264.99pt>
File: plot/SessionVsTime.pdf Graphic file (type pdf)

<use plot/SessionVsTime.pdf>
Package pdftex.def Info: plot/SessionVsTime.pdf used on input line 312.
(pdftex.def)             Requested size: 234.8775pt x 156.98564pt.

Overfull \hbox (1.88399pt too wide) in paragraph at lines 306--315
[]$[]$  $[]$ 
 []


Underfull \hbox (badness 10000) in paragraph at lines 279--319

 []


Underfull \hbox (badness 10000) in paragraph at lines 279--319

 []


Underfull \hbox (badness 10000) in paragraph at lines 279--319

 []

[16 <./plot/TaskVsScore.pdf> <./plot/SessionVsScore.pdf>] [17 <./plot/TimeSumma
ry.pdf> <./plot/ScorerVsTime.pdf> <./plot/GenderVsTime.pdf>]
<plot/Corr_Sutures.pdf, id=218, 388.71625pt x 341.38539pt>
File: plot/Corr_Sutures.pdf Graphic file (type pdf)

<use plot/Corr_Sutures.pdf>
Package pdftex.def Info: plot/Corr_Sutures.pdf used on input line 325.
(pdftex.def)             Requested size: 328.82707pt x 288.80894pt.

<plot/PerformanceWRTSutures.pdf, id=219, 396.48125pt x 264.99pt>
File: plot/PerformanceWRTSutures.pdf Graphic file (type pdf)

<use plot/PerformanceWRTSutures.pdf>
Package pdftex.def Info: plot/PerformanceWRTSutures.pdf used on input line 332.

(pdftex.def)             Requested size: 234.8775pt x 156.98564pt.

<plot/PerformanceWRTSutures_bar.pdf, id=220, 396.48125pt x 264.99pt>
File: plot/PerformanceWRTSutures_bar.pdf Graphic file (type pdf)

<use plot/PerformanceWRTSutures_bar.pdf>
Package pdftex.def Info: plot/PerformanceWRTSutures_bar.pdf used on input line 
337.
(pdftex.def)             Requested size: 234.8775pt x 156.98564pt.

Overfull \hbox (1.88399pt too wide) in paragraph at lines 331--340
[]$[]$  $[]$ 
 []

<plot/Sutures_Summary.pdf, id=221, 540.77962pt x 375.62532pt>
File: plot/Sutures_Summary.pdf Graphic file (type pdf)

<use plot/Sutures_Summary.pdf>
Package pdftex.def Info: plot/Sutures_Summary.pdf used on input line 343.
(pdftex.def)             Requested size: 328.82707pt x 228.41466pt.

<plot/SuturingVsTime.pdf, id=222, 396.48125pt x 264.99pt>
File: plot/SuturingVsTime.pdf Graphic file (type pdf)

<use plot/SuturingVsTime.pdf>
Package pdftex.def Info: plot/SuturingVsTime.pdf used on input line 349.
(pdftex.def)             Requested size: 234.8775pt x 156.98564pt.

Underfull \hbox (badness 10000) in paragraph at lines 322--360

 []


Underfull \hbox (badness 10000) in paragraph at lines 322--360

 []

[18 <./plot/TaskVsTime.pdf> <./plot/SessionVsTime.pdf>] [19 <./plot/Corr_Suture
s.pdf> <./plot/PerformanceWRTSutures.pdf> <./plot/PerformanceWRTSutures_bar.pdf
>] <plot/Cutting_ScorerVsScore.pdf, id=267, 396.48125pt x 264.99pt>
File: plot/Cutting_ScorerVsScore.pdf Graphic file (type pdf)

<use plot/Cutting_ScorerVsScore.pdf>
Package pdftex.def Info: plot/Cutting_ScorerVsScore.pdf used on input line 372.

(pdftex.def)             Requested size: 234.8775pt x 156.98564pt.

<plot/Suturing_ScorerVsScore.pdf, id=268, 396.48125pt x 264.99pt>
File: plot/Suturing_ScorerVsScore.pdf Graphic file (type pdf)

<use plot/Suturing_ScorerVsScore.pdf>
Package pdftex.def Info: plot/Suturing_ScorerVsScore.pdf used on input line 377
.
(pdftex.def)             Requested size: 234.8775pt x 156.98564pt.

Overfull \hbox (1.88399pt too wide) in paragraph at lines 371--380
[]$[]$  $[]$ 
 []


Underfull \hbox (badness 10000) in paragraph at lines 363--387

 []


Underfull \hbox (badness 10000) in paragraph at lines 363--387

 []


Underfull \hbox (badness 10000) in paragraph at lines 363--387

 []

[20 <./plot/Sutures_Summary.pdf> <./plot/SuturingVsTime.pdf>]
<plot/SuturingVsSex.pdf, id=291, 396.48125pt x 264.99pt>
File: plot/SuturingVsSex.pdf Graphic file (type pdf)

<use plot/SuturingVsSex.pdf>
Package pdftex.def Info: plot/SuturingVsSex.pdf used on input line 396.
(pdftex.def)             Requested size: 234.8775pt x 156.98564pt.

Underfull \hbox (badness 10000) in paragraph at lines 390--406

 []


Underfull \hbox (badness 10000) in paragraph at lines 390--406

 []


Underfull \hbox (badness 10000) in paragraph at lines 390--406

 []

[21 <./plot/Cutting_ScorerVsScore.pdf> <./plot/Suturing_ScorerVsScore.pdf>]
<plot/TaiVsScores.pdf, id=307, 396.48125pt x 264.99pt>
File: plot/TaiVsScores.pdf Graphic file (type pdf)

<use plot/TaiVsScores.pdf>
Package pdftex.def Info: plot/TaiVsScores.pdf used on input line 418.
(pdftex.def)             Requested size: 234.8775pt x 156.98564pt.

<plot/TaiVsScores_Box.pdf, id=308, 396.48125pt x 264.99pt>
File: plot/TaiVsScores_Box.pdf Graphic file (type pdf)

<use plot/TaiVsScores_Box.pdf>
Package pdftex.def Info: plot/TaiVsScores_Box.pdf used on input line 423.
(pdftex.def)             Requested size: 234.8775pt x 156.98564pt.

Overfull \hbox (1.88399pt too wide) in paragraph at lines 417--426
[]$[]$  $[]$ 
 []


Underfull \hbox (badness 10000) in paragraph at lines 409--432

 []


Underfull \hbox (badness 10000) in paragraph at lines 409--432

 []

[22 <./plot/SuturingVsSex.pdf>] [23 <./plot/TaiVsScores.pdf> <./plot/TaiVsScore
s_Box.pdf>] <plot/multiplot_state_psycho.pdf, id=337, 794.97pt x 614.295pt>
File: plot/multiplot_state_psycho.pdf Graphic file (type pdf)

<use plot/multiplot_state_psycho.pdf>
Package pdftex.def Info: plot/multiplot_state_psycho.pdf used on input line 452
.
(pdftex.def)             Requested size: 469.75502pt x 363.00267pt.

<plot/multiplot_perinasal_percep.pdf, id=338, 794.97pt x 614.295pt>
File: plot/multiplot_perinasal_percep.pdf Graphic file (type pdf)

<use plot/multiplot_perinasal_percep.pdf>
Package pdftex.def Info: plot/multiplot_perinasal_percep.pdf used on input line
 460.
(pdftex.def)             Requested size: 469.75502pt x 363.00267pt.
 [24 <./plot/multiplot_state_psycho.pdf>] <plot/multiplot_task_time.pdf, id=348
, 794.97pt x 614.295pt>
File: plot/multiplot_task_time.pdf Graphic file (type pdf)

<use plot/multiplot_task_time.pdf>
Package pdftex.def Info: plot/multiplot_task_time.pdf used on input line 468.
(pdftex.def)             Requested size: 469.75502pt x 363.00267pt.
 [25 <./plot/multiplot_perinasal_percep.pdf>] <plot/multiplot_scorer.pdf, id=35
7, 794.97pt x 614.295pt>
File: plot/multiplot_scorer.pdf Graphic file (type pdf)

<use plot/multiplot_scorer.pdf>
Package pdftex.def Info: plot/multiplot_scorer.pdf used on input line 476.
(pdftex.def)             Requested size: 469.75502pt x 363.00267pt.
 [26 <./plot/multiplot_task_time.pdf>]
<plot/Data_GGpairs.pdf, id=366, 396.48125pt x 264.99pt>
File: plot/Data_GGpairs.pdf Graphic file (type pdf)

<use plot/Data_GGpairs.pdf>
Package pdftex.def Info: plot/Data_GGpairs.pdf used on input line 484.
(pdftex.def)             Requested size: 469.75502pt x 313.97128pt.
 [27 <./plot/multiplot_scorer.pdf>]
<plot/Cutting_GGpairs.pdf, id=375, 396.48125pt x 264.99pt>
File: plot/Cutting_GGpairs.pdf Graphic file (type pdf)

<use plot/Cutting_GGpairs.pdf>
Package pdftex.def Info: plot/Cutting_GGpairs.pdf used on input line 492.
(pdftex.def)             Requested size: 469.75502pt x 313.97128pt.
 [28 <./plot/Data_GGpairs.pdf>]
<plot/Suturing_GGpairs.pdf, id=388, 396.48125pt x 264.99pt>
File: plot/Suturing_GGpairs.pdf Graphic file (type pdf)

<use plot/Suturing_GGpairs.pdf>
Package pdftex.def Info: plot/Suturing_GGpairs.pdf used on input line 500.
(pdftex.def)             Requested size: 469.75502pt x 313.97128pt.
 [29 <./plot/Cutting_GGpairs.pdf>]

AED: lastpage setting LastPage
[30 <./plot/Suturing_GGpairs.pdf>] (./Final_Report.aux)

LaTeX Warning: Label(s) may have changed. Rerun to get cross-references right.

 )
(\end occurred inside a group at level 1)

### simple group (level 1) entered at line 112 ({)
### bottom level 
Here is how much of TeX's memory you used:
 6791 strings out of 492995
 108706 string characters out of 6132704
 201740 words of memory out of 5000000
 10012 multiletter control sequences out of 15000+600000
 117765 words of font info for 194 fonts, out of 8000000 for 9000
 1141 hyphenation exceptions out of 8191
 42i,10n,43p,622b,390s stack positions out of 5000i,500n,10000p,200000b,80000s
{/usr/local/texlive/2017/texmf-dist/fonts/enc/dvips/base/8r.enc
}</usr/local/texlive/2017/texmf-dist/fonts/type1/public/fourier/fourier-ms.pfb>
</usr/local/texlive/2017/texmf-dist/fonts/type1/adobe/utopia/putb8a.pfb></usr/l
ocal/texlive/2017/texmf-dist/fonts/type1/adobe/utopia/putr8a.pfb></usr/local/te
xlive/2017/texmf-dist/fonts/type1/adobe/utopia/putri8a.pfb>
Output written on Final_Report.pdf (31 pages, 1990960 bytes).
PDF statistics:
 430 PDF objects out of 1000 (max. 8388607)
 295 compressed objects within 3 object streams
 0 named destinations out of 1000 (max. 500000)
 33476 words of extra memory for PDF output out of 35830 (max. 10000000)

